/*C1*/SET SCHEMA SYSTEM_LOBS
INSERT INTO BLOCKS VALUES(0,2147483647,0)
COMMIT
/*C2*/SET SCHEMA PUBLIC
CREATE TABLE "deleteme1508027317031"\u000a(\u000a    "unused" INTEGER NOT NULL\u000a)
DROP TABLE "deleteme1508027317031"
DISCONNECT
/*C3*/SET SCHEMA PUBLIC
CREATE TABLE "deleteme1508027317515"\u000a(\u000a    "unused" INTEGER NOT NULL\u000a)
DROP TABLE "deleteme1508027317515"
/*C4*/SET SCHEMA PUBLIC
CREATE SCHEMA "incodeNote" AUTHORIZATION SA
DISCONNECT
/*C5*/SET SCHEMA PUBLIC
DISCONNECT
/*C6*/SET SCHEMA PUBLIC
CREATE SCHEMA "isissecurity" AUTHORIZATION SA
DISCONNECT
/*C7*/SET SCHEMA PUBLIC
DISCONNECT
/*C8*/SET SCHEMA PUBLIC
DISCONNECT
/*C9*/SET SCHEMA PUBLIC
DISCONNECT
/*C3*/CREATE TABLE "dexreferenceitem"\u000a(\u000a    "name" VARCHAR(255) NOT NULL,\u000a    "description" VARCHAR(255) NULL,\u000a    "ordernumber" INTEGER NOT NULL,\u000a    "class" VARCHAR(255) NOT NULL,\u000a    CONSTRAINT "dexreferenceitem_pk" PRIMARY KEY ("name")\u000a)
CREATE TABLE "location"\u000a(\u000a    "location_id" BIGINT GENERATED BY DEFAULT AS IDENTITY,\u000a    "latitude" DOUBLE NULL,\u000a    "longitude" DOUBLE NULL,\u000a    "name" VARCHAR(255) NULL,\u000a    "createdby" VARCHAR(255) NULL,\u000a    "createdon" TIMESTAMP NULL,\u000a    "lastmodifiedby" VARCHAR(255) NULL,\u000a    "lastmodifiedon" TIMESTAMP NULL,\u000a    "region_name" VARCHAR(50) NOT NULL,\u000a    "dtype" VARCHAR(255) NOT NULL,\u000a    "postcode" VARCHAR(255) NULL,\u000a    "street1" VARCHAR(255) NULL,\u000a    "street2" VARCHAR(255) NULL,\u000a    "suburb" VARCHAR(255) NULL,\u000a    CONSTRAINT "location_pk" PRIMARY KEY ("location_id")\u000a)
CREATE TABLE "activity"\u000a(\u000a    "activity_id" BIGINT GENERATED BY DEFAULT AS IDENTITY,\u000a    "abbreviatedname" VARCHAR(25) NOT NULL,\u000a    "activitytype_name" VARCHAR(50) NULL,\u000a    "address_location_id" BIGINT NULL,\u000a    "costforparticipant" VARCHAR(255) NULL,\u000a    "cutofflimit" INTEGER NULL,\u000a    "description" VARCHAR(255) NULL,\u000a    "name" VARCHAR(255) NOT NULL,\u000a    "oldid" BIGINT NULL,\u000a    "enddatetime" TIMESTAMP NULL,\u000a    "startdatetime" TIMESTAMP NULL,\u000a    "createdby" VARCHAR(255) NULL,\u000a    "createdon" TIMESTAMP NULL,\u000a    "lastmodifiedby" VARCHAR(255) NULL,\u000a    "lastmodifiedon" TIMESTAMP NULL,\u000a    "region_name" VARCHAR(50) NOT NULL,\u000a    "classifier" VARCHAR(255) NOT NULL,\u000a    "attendancelist_attendancelist_id" BIGINT NULL,\u000a    "cancelled" BOOLEAN NULL,\u000a    "parentactivity_activity_id" BIGINT NULL,\u000a    "periodicity" NVARCHAR(255) NULL,\u000a    CONSTRAINT "activity_pk" PRIMARY KEY ("activity_id")\u000a)
CREATE TABLE "telephonecall"\u000a(\u000a    "telephonecall_id" BIGINT GENERATED BY DEFAULT AS IDENTITY,\u000a    "participant_participant_id" BIGINT NOT NULL,\u000a    "summarynotes" CLOB NULL,\u000a    "enddatetime" TIMESTAMP NULL,\u000a    "startdatetime" TIMESTAMP NULL,\u000a    "createdby" VARCHAR(255) NULL,\u000a    "createdon" TIMESTAMP NULL,\u000a    "lastmodifiedby" VARCHAR(255) NULL,\u000a    "lastmodifiedon" TIMESTAMP NULL,\u000a    "region_name" VARCHAR(50) NOT NULL,\u000a    "classifier" VARCHAR(255) NOT NULL,\u000a    "allocatedvolunteer_volunteer_id" BIGINT NULL,\u000a    "callschedule_calendardaycallschedule_id" BIGINT NULL,\u000a    "scheduleddatetime" TIMESTAMP NULL,\u000a    CONSTRAINT "telephonecall_pk" PRIMARY KEY ("telephonecall_id")\u000a)
CREATE TABLE "volunteeredtime"\u000a(\u000a    "volunteeredtime_id" BIGINT GENERATED BY DEFAULT AS IDENTITY,\u000a    "description" VARCHAR(255) NULL,\u000a    "includeasparticipation" BOOLEAN NOT NULL,\u000a    "volunteer_volunteer_id" BIGINT NOT NULL,\u000a    "enddatetime" TIMESTAMP NULL,\u000a    "startdatetime" TIMESTAMP NULL,\u000a    "createdby" VARCHAR(255) NULL,\u000a    "createdon" TIMESTAMP NULL,\u000a    "lastmodifiedby" VARCHAR(255) NULL,\u000a    "lastmodifiedon" TIMESTAMP NULL,\u000a    "region_name" VARCHAR(50) NOT NULL,\u000a    "role" VARCHAR(255) NOT NULL,\u000a    "v_idx" INTEGER NULL,\u000a    "activity_activity_id" BIGINT NULL,\u000a    "volunteerrole_name" VARCHAR(50) NULL,\u000a    "callschedule_calendardaycallschedule_id" BIGINT NULL,\u000a    "a_idx" INTEGER NULL,\u000a    "cs_idx" INTEGER NULL,\u000a    CONSTRAINT "volunteeredtime_pk" PRIMARY KEY ("volunteeredtime_id")\u000a)
